Determining if the pthread_create exist failed with the following output:
Change Dir: /home/karen/workspace/data_science/opencv/learnopencv/cmake-build-debug/CMakeFiles/CMakeTmp

Run Build Command:"/usr/bin/make" "cmTC_13643/fast"
/usr/bin/make -f CMakeFiles/cmTC_13643.dir/build.make CMakeFiles/cmTC_13643.dir/build
make[1]: Entering directory '/home/karen/workspace/data_science/opencv/learnopencv/cmake-build-debug/CMakeFiles/CMakeTmp'
Building C object CMakeFiles/cmTC_13643.dir/CheckSymbolExists.c.o
/usr/bin/cc   -fPIC    -o CMakeFiles/cmTC_13643.dir/CheckSymbolExists.c.o   -c /home/karen/workspace/data_science/opencv/learnopencv/cmake-build-debug/CMakeFiles/CMakeTmp/CheckSymbolExists.c
Linking C executable cmTC_13643
/home/karen/Documents/jetbrain/clion-2017.2.3/bin/cmake/bin/cmake -E cmake_link_script CMakeFiles/cmTC_13643.dir/link.txt --verbose=1
/usr/bin/cc -fPIC     CMakeFiles/cmTC_13643.dir/CheckSymbolExists.c.o  -o cmTC_13643 
CMakeFiles/cmTC_13643.dir/CheckSymbolExists.c.o: In function `main':
CheckSymbolExists.c:(.text+0x1b): undefined reference to `pthread_create'
collect2: error: ld returned 1 exit status
CMakeFiles/cmTC_13643.dir/build.make:97: recipe for target 'cmTC_13643' failed
make[1]: *** [cmTC_13643] Error 1
make[1]: Leaving directory '/home/karen/workspace/data_science/opencv/learnopencv/cmake-build-debug/CMakeFiles/CMakeTmp'
Makefile:126: recipe for target 'cmTC_13643/fast' failed
make: *** [cmTC_13643/fast] Error 2

File /home/karen/workspace/data_science/opencv/learnopencv/cmake-build-debug/CMakeFiles/CMakeTmp/CheckSymbolExists.c:
/* */
#include <pthread.h>

int main(int argc, char** argv)
{
  (void)argv;
#ifndef pthread_create
  return ((int*)(&pthread_create))[argc];
#else
  (void)argc;
  return 0;
#endif
}

Determining if the function pthread_create exists in the pthreads failed with the following output:
Change Dir: /home/karen/workspace/data_science/opencv/learnopencv/cmake-build-debug/CMakeFiles/CMakeTmp

Run Build Command:"/usr/bin/make" "cmTC_f9853/fast"
/usr/bin/make -f CMakeFiles/cmTC_f9853.dir/build.make CMakeFiles/cmTC_f9853.dir/build
make[1]: Entering directory '/home/karen/workspace/data_science/opencv/learnopencv/cmake-build-debug/CMakeFiles/CMakeTmp'
Building C object CMakeFiles/cmTC_f9853.dir/CheckFunctionExists.c.o
/usr/bin/cc   -fPIC -DCHECK_FUNCTION_EXISTS=pthread_create   -o CMakeFiles/cmTC_f9853.dir/CheckFunctionExists.c.o   -c /home/karen/Documents/jetbrain/clion-2017.2.3/bin/cmake/share/cmake-3.8/Modules/CheckFunctionExists.c
Linking C executable cmTC_f9853
/home/karen/Documents/jetbrain/clion-2017.2.3/bin/cmake/bin/cmake -E cmake_link_script CMakeFiles/cmTC_f9853.dir/link.txt --verbose=1
/usr/bin/cc -fPIC -DCHECK_FUNCTION_EXISTS=pthread_create    CMakeFiles/cmTC_f9853.dir/CheckFunctionExists.c.o  -o cmTC_f9853 -lpthreads 
/usr/bin/ld: cannot find -lpthreads
collect2: error: ld returned 1 exit status
CMakeFiles/cmTC_f9853.dir/build.make:97: recipe for target 'cmTC_f9853' failed
make[1]: *** [cmTC_f9853] Error 1
make[1]: Leaving directory '/home/karen/workspace/data_science/opencv/learnopencv/cmake-build-debug/CMakeFiles/CMakeTmp'
Makefile:126: recipe for target 'cmTC_f9853/fast' failed
make: *** [cmTC_f9853/fast] Error 2


